# JRE version: Java(TM) SE Runtime Environment (8.0_221-b11) (build 1.8.0_221-b11)
# Java VM: Java HotSpot(TM) 64-Bit Server VM (25.221-b11 mixed mode linux-amd64 compressed oops)
Heap:
 PSYoungGen      total 600064K, used 15241K [0x00000000d7200000, 0x0000000100000000, 0x0000000100000000)
  eden space 565248K, 0% used [0x00000000d7200000,0x00000000d7200000,0x00000000f9a00000)
  from space 34816K, 43% used [0x00000000fde00000,0x00000000fece2700,0x0000000100000000)
  to   space 52224K, 0% used [0x00000000f9a00000,0x00000000f9a00000,0x00000000fcd00000)
 ParOldGen       total 134656K, used 134156K [0x0000000085600000, 0x000000008d980000, 0x00000000d7200000)
  object space 134656K, 99% used [0x0000000085600000,0x000000008d9033d0,0x000000008d980000)
 Metaspace       used 93700K, capacity 97405K, committed 98608K, reserved 1136640K
  class space    used 10979K, capacity 11571K, committed 11824K, reserved 1048576K
GC Heap History (10 events):
Event: 188,988 GC heap after
Heap after GC invocations=20 (full 3):
 PSYoungGen      total 573952K, used 9448K [0x00000000d7200000, 0x00000000fff80000, 0x0000000100000000)
  eden space 540672K, 0% used [0x00000000d7200000,0x00000000d7200000,0x00000000f8200000)
  from space 33280K, 28% used [0x00000000f8200000,0x00000000f8b3a020,0x00000000fa280000)
  to   space 32256K, 0% used [0x00000000fe000000,0x00000000fe000000,0x00000000fff80000)
 ParOldGen       total 134656K, used 103366K [0x0000000085600000, 0x000000008d980000, 0x00000000d7200000)
  object space 134656K, 76% used [0x0000000085600000,0x000000008baf1880,0x000000008d980000)
 Metaspace       used 85349K, capacity 89399K, committed 89648K, reserved 1128448K
  class space    used 10369K, capacity 11033K, committed 11056K, reserved 1048576K
}
Event: 323,664 GC heap before
{Heap before GC invocations=21 (full 3):
 PSYoungGen      total 573952K, used 384946K [0x00000000d7200000, 0x00000000fff80000, 0x0000000100000000)
  eden space 540672K, 69% used [0x00000000d7200000,0x00000000ee0b28d8,0x00000000f8200000)
  from space 33280K, 28% used [0x00000000f8200000,0x00000000f8b3a020,0x00000000fa280000)
  to   space 32256K, 0% used [0x00000000fe000000,0x00000000fe000000,0x00000000fff80000)
 ParOldGen       total 134656K, used 103366K [0x0000000085600000, 0x000000008d980000, 0x00000000d7200000)
  object space 134656K, 76% used [0x0000000085600000,0x000000008baf1880,0x000000008d980000)
 Metaspace       used 85458K, capacity 89533K, committed 89648K, reserved 1128448K
  class space    used 10384K, capacity 11047K, committed 11056K, reserved 1048576K
Event: 323,671 GC heap after
Heap after GC invocations=21 (full 3):
 PSYoungGen      total 636928K, used 384K [0x00000000d7200000, 0x00000000fff80000, 0x0000000100000000)
  eden space 604672K, 0% used [0x00000000d7200000,0x00000000d7200000,0x00000000fc080000)
  from space 32256K, 1% used [0x00000000fe000000,0x00000000fe060000,0x00000000fff80000)
  to   space 32256K, 0% used [0x00000000fc080000,0x00000000fc080000,0x00000000fe000000)
 ParOldGen       total 134656K, used 107770K [0x0000000085600000, 0x000000008d980000, 0x00000000d7200000)
  object space 134656K, 80% used [0x0000000085600000,0x000000008bf3eb40,0x000000008d980000)
 Metaspace       used 85458K, capacity 89533K, committed 89648K, reserved 1128448K
  class space    used 10384K, capacity 11047K, committed 11056K, reserved 1048576K
}
Event: 323,671 GC heap before
{Heap before GC invocations=22 (full 4):
 PSYoungGen      total 636928K, used 384K [0x00000000d7200000, 0x00000000fff80000, 0x0000000100000000)
  eden space 604672K, 0% used [0x00000000d7200000,0x00000000d7200000,0x00000000fc080000)
  from space 32256K, 1% used [0x00000000fe000000,0x00000000fe060000,0x00000000fff80000)
  to   space 32256K, 0% used [0x00000000fc080000,0x00000000fc080000,0x00000000fe000000)
 ParOldGen       total 134656K, used 107770K [0x0000000085600000, 0x000000008d980000, 0x00000000d7200000)
  object space 134656K, 80% used [0x0000000085600000,0x000000008bf3eb40,0x000000008d980000)
 Metaspace       used 85458K, capacity 89533K, committed 89648K, reserved 1128448K
  class space    used 10384K, capacity 11047K, committed 11056K, reserved 1048576K
Event: 323,965 GC heap after
Heap after GC invocations=22 (full 4):
 PSYoungGen      total 636928K, used 0K [0x00000000d7200000, 0x00000000fff80000, 0x0000000100000000)
  eden space 604672K, 0% used [0x00000000d7200000,0x00000000d7200000,0x00000000fc080000)
  from space 32256K, 0% used [0x00000000fe000000,0x00000000fe000000,0x00000000fff80000)
  to   space 32256K, 0% used [0x00000000fc080000,0x00000000fc080000,0x00000000fe000000)
 ParOldGen       total 134656K, used 89818K [0x0000000085600000, 0x000000008d980000, 0x00000000d7200000)
  object space 134656K, 66% used [0x0000000085600000,0x000000008adb6a50,0x000000008d980000)
 Metaspace       used 84845K, capacity 88549K, committed 89648K, reserved 1128448K
  class space    used 10293K, capacity 10883K, committed 11056K, reserved 1048576K
}
Event: 326,602 GC heap before
{Heap before GC invocations=23 (full 4):
 PSYoungGen      total 636928K, used 604672K [0x00000000d7200000, 0x00000000fff80000, 0x0000000100000000)
  eden space 604672K, 100% used [0x00000000d7200000,0x00000000fc080000,0x00000000fc080000)
  from space 32256K, 0% used [0x00000000fe000000,0x00000000fe000000,0x00000000fff80000)
  to   space 32256K, 0% used [0x00000000fc080000,0x00000000fc080000,0x00000000fe000000)
 ParOldGen       total 134656K, used 89818K [0x0000000085600000, 0x000000008d980000, 0x00000000d7200000)
  object space 134656K, 66% used [0x0000000085600000,0x000000008adb6a50,0x000000008d980000)
 Metaspace       used 89495K, capacity 93309K, committed 94512K, reserved 1132544K
  class space    used 10755K, capacity 11375K, committed 11568K, reserved 1048576K
Event: 326,633 GC heap after
Heap after GC invocations=23 (full 4):
 PSYoungGen      total 634880K, used 30103K [0x00000000d7200000, 0x0000000100000000, 0x0000000100000000)
  eden space 604672K, 0% used [0x00000000d7200000,0x00000000d7200000,0x00000000fc080000)
  from space 30208K, 99% used [0x00000000fc080000,0x00000000fdde5f50,0x00000000fde00000)
  to   space 34816K, 0% used [0x00000000fde00000,0x00000000fde00000,0x0000000100000000)
 ParOldGen       total 134656K, used 89826K [0x0000000085600000, 0x000000008d980000, 0x00000000d7200000)
  object space 134656K, 66% used [0x0000000085600000,0x000000008adb8a50,0x000000008d980000)
 Metaspace       used 89495K, capacity 93309K, committed 94512K, reserved 1132544K
  class space    used 10755K, capacity 11375K, committed 11568K, reserved 1048576K
}
Event: 331,245 GC heap before
{Heap before GC invocations=24 (full 4):
 PSYoungGen      total 634880K, used 634775K [0x00000000d7200000, 0x0000000100000000, 0x0000000100000000)
  eden space 604672K, 100% used [0x00000000d7200000,0x00000000fc080000,0x00000000fc080000)
  from space 30208K, 99% used [0x00000000fc080000,0x00000000fdde5f50,0x00000000fde00000)
  to   space 34816K, 0% used [0x00000000fde00000,0x00000000fde00000,0x0000000100000000)
 ParOldGen       total 134656K, used 89826K [0x0000000085600000, 0x000000008d980000, 0x00000000d7200000)
  object space 134656K, 66% used [0x0000000085600000,0x000000008adb8a50,0x000000008d980000)
 Metaspace       used 93951K, capacity 97807K, committed 98608K, reserved 1136640K
  class space    used 11016K, capacity 11638K, committed 11824K, reserved 1048576K
Event: 331,309 GC heap after
Heap after GC invocations=24 (full 4):
 PSYoungGen      total 600064K, used 34814K [0x00000000d7200000, 0x0000000100000000, 0x0000000100000000)
  eden space 565248K, 0% used [0x00000000d7200000,0x00000000d7200000,0x00000000f9a00000)
  from space 34816K, 99% used [0x00000000fde00000,0x00000000fffff8b8,0x0000000100000000)
  to   space 52224K, 0% used [0x00000000f9a00000,0x00000000f9a00000,0x00000000fcd00000)
 ParOldGen       total 134656K, used 115663K [0x0000000085600000, 0x000000008d980000, 0x00000000d7200000)
  object space 134656K, 85% used [0x0000000085600000,0x000000008c6f3f08,0x000000008d980000)
 Metaspace       used 93951K, capacity 97807K, committed 98608K, reserved 1136640K
  class space    used 11016K, capacity 11638K, committed 11824K, reserved 1048576K
}
Event: 331,320 GC heap before
{Heap before GC invocations=25 (full 5):
 PSYoungGen      total 600064K, used 34814K [0x00000000d7200000, 0x0000000100000000, 0x0000000100000000)
  eden space 565248K, 0% used [0x00000000d7200000,0x00000000d7200000,0x00000000f9a00000)
  from space 34816K, 99% used [0x00000000fde00000,0x00000000fffff8b8,0x0000000100000000)
  to   space 52224K, 0% used [0x00000000f9a00000,0x00000000f9a00000,0x00000000fcd00000)
 ParOldGen       total 134656K, used 115663K [0x0000000085600000, 0x000000008d980000, 0x00000000d7200000)
  object space 134656K, 85% used [0x0000000085600000,0x000000008c6f3f08,0x000000008d980000)
 Metaspace       used 93951K, capacity 97807K, committed 98608K, reserved 1136640K
  class space    used 11016K, capacity 11638K, committed 11824K, reserved 1048576K

